Notes/proguard/seeds.txt
com.myproject.notes.Exiter
com.myproject.notes.Exiter: Exiter()
com.myproject.notes.FillNotes
com.myproject.notes.FillNotes: FillNotes()
com.myproject.notes.InitialiazeApplication
com.myproject.notes.InitialiazeApplication: InitialiazeApplication()
com.myproject.notes.MainActivity
com.myproject.notes.MainActivity: MainActivity()
com.myproject.notes.R$anim: int abc_fade_in
com.myproject.notes.R$anim: int abc_fade_out
com.myproject.notes.R$anim: int abc_slide_in_bottom
com.myproject.notes.R$anim: int abc_slide_in_top
com.myproject.notes.R$anim: int abc_slide_out_bottom
com.myproject.notes.R$anim: int abc_slide_out_top
com.myproject.notes.R$array: int menu
com.myproject.notes.R$attr: int actionBarDivider
com.myproject.notes.R$attr: int actionBarItemBackground
com.myproject.notes.R$attr: int actionBarSize
com.myproject.notes.R$attr: int actionBarSplitStyle
com.myproject.notes.R$attr: int actionBarStyle
com.myproject.notes.R$attr: int actionBarTabBarStyle
com.myproject.notes.R$attr: int actionBarTabStyle
com.myproject.notes.R$attr: int actionBarTabTextStyle
com.myproject.notes.R$attr: int actionBarWidgetTheme
com.myproject.notes.R$attr: int actionButtonStyle
com.myproject.notes.R$attr: int actionDropDownStyle
com.myproject.notes.R$attr: int actionLayout
com.myproject.notes.R$attr: int actionMenuTextAppearance
com.myproject.notes.R$attr: int actionMenuTextColor
com.myproject.notes.R$attr: int actionModeBackground
com.myproject.notes.R$attr: int actionModeCloseButtonStyle
com.myproject.notes.R$attr: int actionModeCloseDrawable
com.myproject.notes.R$attr: int actionModeCopyDrawable
com.myproject.notes.R$attr: int actionModeCutDrawable
com.myproject.notes.R$attr: int actionModeFindDrawable
com.myproject.notes.R$attr: int actionModePasteDrawable
com.myproject.notes.R$attr: int actionModePopupWindowStyle
com.myproject.notes.R$attr: int actionModeSelectAllDrawable
com.myproject.notes.R$attr: int actionModeShareDrawable
com.myproject.notes.R$attr: int actionModeSplitBackground
com.myproject.notes.R$attr: int actionModeStyle
com.myproject.notes.R$attr: int actionModeWebSearchDrawable
com.myproject.notes.R$bool: int abc_action_bar_embed_tabs_pre_jb
com.myproject.notes.R$bool: int abc_action_bar_expanded_action_views_exclusive
com.myproject.notes.R$bool: int abc_config_actionMenuItemAllCaps
com.myproject.notes.R$bool: int abc_config_allowActionMenuItemTextWithIcon
com.myproject.notes.R$bool: int abc_config_showMenuShortcutsWhenKeyboardPresent
com.myproject.notes.R$bool: int abc_split_action_bar_is_narrow
com.myproject.notes.R$color: int abc_search_url_text_holo
com.myproject.notes.R$color: int abc_search_url_text_normal
com.myproject.notes.R$color: int abc_search_url_text_pressed
com.myproject.notes.R$color: int abc_search_url_text_selected
...
android.support.v4.app.FragmentState
android.support.v4.app.FragmentState: java.lang.String mClassName
android.support.v4.app.FragmentState: int mIndex
android.support.v4.app.FragmentState: boolean mFromLayout
android.support.v4.app.FragmentState: int mFragmentId
android.support.v4.app.FragmentState: int mContainerId
android.support.v4.app.FragmentState: java.lang.String mTag
android.support.v4.app.FragmentState: boolean mRetainInstance
android.support.v4.app.FragmentState: boolean mDetached
android.support.v4.app.FragmentState: android.os.Bundle mArguments
android.support.v4.app.FragmentState: android.os.Bundle mSavedFragmentState
android.support.v4.app.FragmentState: android.support.v4.app.Fragment mInstance
android.support.v4.app.FragmentState: android.os.Parcelable$Creator CREATOR
android.support.v4.app.FragmentState: FragmentState(android.support.v4.app.Fragment)
android.support.v4.app.FragmentState: FragmentState(android.os.Parcel)
android.support.v4.app.FragmentState: android.support.v4.app.Fragment instantiate(android.support.v4.app.FragmentActivity,android.support.v4.app.Fragment)
android.support.v4.app.FragmentState: int describeContents()
android.support.v4.app.FragmentState: void writeToParcel(android.os.Parcel,int)
android.support.v4.app.FragmentState: void <clinit>()
android.support.v4.app.FragmentState$1
android.support.v4.app.FragmentState$1: FragmentState$1()
android.support.v4.app.FragmentState$1: android.support.v4.app.FragmentState createFromParcel(android.os.Parcel)
android.support.v4.app.FragmentState$1: android.support.v4.app.FragmentState[] newArray(int)
android.support.v4.app.FragmentState$1: java.lang.Object[] newArray(int)
android.support.v4.app.FragmentState$1: java.lang.Object createFromParcel(android.os.Parcel)
android.support.v4.app.FragmentStatePagerAdapter
android.support.v4.app.FragmentStatePagerAdapter: java.lang.String TAG
android.support.v4.app.FragmentStatePagerAdapter: boolean DEBUG
android.support.v4.app.FragmentStatePagerAdapter: android.support.v4.app.FragmentManager mFragmentManager
android.support.v4.app.FragmentStatePagerAdapter: android.support.v4.app.FragmentTransaction mCurTransaction
android.support.v4.app.FragmentStatePagerAdapter: java.util.ArrayList mSavedState
android.support.v4.app.FragmentStatePagerAdapter: java.util.ArrayList mFragments
android.support.v4.app.FragmentStatePagerAdapter: android.support.v4.app.Fragment mCurrentPrimaryItem
android.support.v4.app.FragmentStatePagerAdapter: FragmentStatePagerAdapter(android.support.v4.app.FragmentManager)
android.support.v4.app.FragmentStatePagerAdapter: android.support.v4.app.Fragment getItem(int)
android.support.v4.app.FragmentStatePagerAdapter: void startUpdate(android.view.ViewGroup)
android.support.v4.app.FragmentStatePagerAdapter: java.lang.Object instantiateItem(android.view.ViewGroup,int)
android.support.v4.app.FragmentStatePagerAdapter: void destroyItem(android.view.ViewGroup,int,java.lang.Object)
android.support.v4.app.FragmentStatePagerAdapter: void setPrimaryItem(android.view.ViewGroup,int,java.lang.Object)
android.support.v4.app.FragmentStatePagerAdapter: void finishUpdate(android.view.ViewGroup)