Notes/proguard/mapping.txt
com.myproject.notes.Exiter -> com.myproject.notes.Exiter:
    void onCreate(android.os.Bundle) -> onCreate
com.myproject.notes.FillNotes -> com.myproject.notes.FillNotes:
    android.widget.EditText title -> a
    android.widget.EditText content -> b
    com.myproject.notes.entity.Notes notes -> c
    void onCreate(android.os.Bundle) -> onCreate
    boolean onCreateOptionsMenu(android.view.Menu) -> onCreateOptionsMenu
    boolean onOptionsItemSelected(android.view.MenuItem) -> onOptionsItemSelected
    void createOrUpdateNotes() -> a
com.myproject.notes.InitialiazeApplication -> com.myproject.notes.InitialiazeApplication:
    void onCreate() -> onCreate
com.myproject.notes.MainActivity -> com.myproject.notes.MainActivity:
    android.widget.ListView listView -> a
    java.util.List rowItems -> b
    java.util.List listNotes -> c
    void onCreate(android.os.Bundle) -> onCreate
    boolean onItemLongClick(android.widget.AdapterView,android.view.View,int,long) -> onItemLongClick
    void popUpConfirmDelete(long) -> a
    boolean onCreateOptionsMenu(android.view.Menu) -> onCreateOptionsMenu
    boolean onOptionsItemSelected(android.view.MenuItem) -> onOptionsItemSelected
    void promptsEnterPassword(long,int) -> a
    void onBackPressed() -> onBackPressed
com.myproject.notes.MainActivity$1 -> a:
    com.myproject.notes.MainActivity this$0 -> a
    long val$idNotes -> b
    void onClick(android.content.DialogInterface,int) -> onClick
com.myproject.notes.MainActivity$2 -> b:
    com.myproject.notes.MainActivity this$0 -> a
    long val$idNotess -> b
    void onClick(android.content.DialogInterface,int) -> onClick
com.myproject.notes.MainActivity$3 -> c:
    com.myproject.notes.MainActivity this$0 -> a
    long val$idNotess -> b
    void onClick(android.content.DialogInterface,int) -> onClick
com.myproject.notes.MainActivity$4 -> d:
    com.myproject.notes.MainActivity this$0 -> a
    android.widget.EditText val$userInput -> b
    void onClick(android.content.DialogInterface,int) -> onClick
com.myproject.notes.MainActivity$5 -> e:
    com.myproject.notes.MainActivity this$0 -> a
    void onClick(android.content.DialogInterface,int) -> onClick
com.myproject.notes.MainActivity$6 -> f:
    com.myproject.notes.MainActivity this$0 -> a
    android.widget.EditText val$userInput -> b
    long val$idNote -> c
    int val$state -> d
    void onClick(android.content.DialogInterface,int) -> onClick
com.myproject.notes.MainActivity$7 -> g:
    com.myproject.notes.MainActivity this$0 -> a
    void onClick(android.content.DialogInterface,int) -> onClick
com.myproject.notes.adapters.CustomBaseAdapter -> h:
    android.content.Context context -> a
    java.util.List listRowsItems -> b
    android.view.View getView(int,android.view.View,android.view.ViewGroup) -> getView
    int getCount() -> getCount
    java.lang.Object getItem(int) -> getItem
    long getItemId(int) -> getItemId
com.myproject.notes.adapters.CustomBaseAdapter$ViewHolder -> i:
    android.widget.ImageView imageView -> a
    android.widget.TextView txtTitle -> b
    android.widget.TextView txtDesc -> c
    java.util.Date getDateTime(java.lang.String,java.lang.String) -> a
    org.bouncycastle.jce.spec.ECParameterSpec convertSpec(java.security.spec.ECParameterSpec,boolean) -> a
    java.lang.String toLowerCase(java.lang.String) -> a
com.myproject.notes.entity.Notes -> j:
    int id -> a
    java.lang.String title -> b
    java.lang.String content -> c
    java.lang.String password -> d
    java.lang.String createdOn -> e
    java.lang.String updatedOn -> f
com.myproject.notes.entity.RowItem -> k:
    int imageId -> a
    int id -> b
    java.lang.String title -> c
    java.lang.String desc -> d
    java.lang.String toString() -> toString
...
android.support.v4.widget.EdgeEffectCompat -> android.support.v4.widget.EdgeEffectCompat:
    java.lang.Object mEdgeEffect -> mEdgeEffect
    android.support.v4.widget.EdgeEffectCompat$EdgeEffectImpl IMPL -> IMPL
    void setSize(int,int) -> setSize
    boolean isFinished() -> isFinished
    void finish() -> finish
    boolean onPull(float) -> onPull
    boolean onRelease() -> onRelease
    boolean onAbsorb(int) -> onAbsorb
    boolean draw(android.graphics.Canvas) -> draw
android.support.v4.widget.EdgeEffectCompat$BaseEdgeEffectImpl -> android.support.v4.widget.EdgeEffectCompat$BaseEdgeEffectImpl:
    java.lang.Object newEdgeEffect(android.content.Context) -> newEdgeEffect
    void setSize(java.lang.Object,int,int) -> setSize
    boolean isFinished(java.lang.Object) -> isFinished
    void finish(java.lang.Object) -> finish
    boolean onPull(java.lang.Object,float) -> onPull
    boolean onRelease(java.lang.Object) -> onRelease
    boolean onAbsorb(java.lang.Object,int) -> onAbsorb
    boolean draw(java.lang.Object,android.graphics.Canvas) -> draw
android.support.v4.widget.EdgeEffectCompat$EdgeEffectIcsImpl -> android.support.v4.widget.EdgeEffectCompat$EdgeEffectIcsImpl:
    java.lang.Object newEdgeEffect(android.content.Context) -> newEdgeEffect
    void setSize(java.lang.Object,int,int) -> setSize
    boolean isFinished(java.lang.Object) -> isFinished
    void finish(java.lang.Object) -> finish
    boolean onPull(java.lang.Object,float) -> onPull
    boolean onRelease(java.lang.Object) -> onRelease
    boolean onAbsorb(java.lang.Object,int) -> onAbsorb
    boolean draw(java.lang.Object,android.graphics.Canvas) -> draw
android.support.v4.widget.EdgeEffectCompat$EdgeEffectImpl -> android.support.v4.widget.EdgeEffectCompat$EdgeEffectImpl:
    java.lang.Object newEdgeEffect(android.content.Context) -> newEdgeEffect
    void setSize(java.lang.Object,int,int) -> setSize
    boolean isFinished(java.lang.Object) -> isFinished
    void finish(java.lang.Object) -> finish
    boolean onPull(java.lang.Object,float) -> onPull
    boolean onRelease(java.lang.Object) -> onRelease
    boolean onAbsorb(java.lang.Object,int) -> onAbsorb
    boolean draw(java.lang.Object,android.graphics.Canvas) -> draw
android.support.v4.widget.EdgeEffectCompatIcs -> android.support.v4.widget.EdgeEffectCompatIcs:
    java.lang.Object newEdgeEffect(android.content.Context) -> newEdgeEffect
    void setSize(java.lang.Object,int,int) -> setSize
    boolean isFinished(java.lang.Object) -> isFinished
    void finish(java.lang.Object) -> finish
    boolean onPull(java.lang.Object,float) -> onPull
    boolean onRelease(java.lang.Object) -> onRelease
    boolean onAbsorb(java.lang.Object,int) -> onAbsorb
    boolean draw(java.lang.Object,android.graphics.Canvas) -> draw