Notes/proguard/usage.txt
com.myproject.notes.BuildConfig
com.myproject.notes.FillNotes:
    private static final java.lang.String TAG
    public static final int MENU_ADD
    public static final int MENU_EDIT
    public static final int MENU_SAVE
    public static final int MENU_SETTINGS
com.myproject.notes.InitialiazeApplication:
    private static final java.lang.String TAG
com.myproject.notes.MainActivity:
    private static final java.lang.String TAG
    public static final int MENU_ADD
    public static final int MENU_EDIT
    public static final int MENU_SAVE
    public static final int MENU_SETTINGS
com.myproject.notes.R
com.myproject.notes.R$anim
com.myproject.notes.R$array
com.myproject.notes.R$attr
com.myproject.notes.R$bool
com.myproject.notes.R$color
com.myproject.notes.R$dimen
com.myproject.notes.R$drawable
com.myproject.notes.R$id
com.myproject.notes.R$integer
com.myproject.notes.R$layout
com.myproject.notes.R$menu
com.myproject.notes.R$string
com.myproject.notes.R$style
com.myproject.notes.R$styleable
com.myproject.notes.data.Constants
com.myproject.notes.entity.RowItem:
    26:27:public void setImageId(int)
    34:35:public void setTitle(java.lang.String)
    42:43:public void setDesc(java.lang.String)
    50:51:public void setId(int)
com.myproject.notes.mapper.NotesMapper:
    private static final java.lang.String TAG
    public static final java.lang.String TABLE_NOTES
    public static final java.lang.String COLUMN_NOTES_ID
    public static final java.lang.String COLUMN_NOTES_TITLE
    public static final java.lang.String COLUMN_NOTES_CONTENT
    public static final java.lang.String COLUMN_NOTES_PASSWORD
    public static final java.lang.String COLUMN_NOTES_CREATED_ON
    public static final java.lang.String COLUMN_NOTES_UPDATED_ON
    public static final java.lang.String CREATE_TABLE_NOTES
com.myproject.notes.sqlite.helper.DatabaseHandler:
    private static final java.lang.String TAG
    private static final int DATABASE_VERSION
    private static final java.lang.String DATABASE_NAME
com.myproject.notes.utils.CipherUtil:
    private static final java.lang.String TAG
    private static final int MAX_LENGTH_3DES_KEY
    private static final java.lang.String KEY_CACHE_VO
    private static final java.lang.String KEY_STAGING_ACC_PIN
    14:14:public CipherUtil()
    37:43:public static java.util.BitSet fromByteArray(byte[])
    57:63:public static byte[] toByteArray(java.util.BitSet)
    74:74:public static java.lang.String toHexString(java.util.BitSet)
    77:77:public static java.util.BitSet toBitSet(java.lang.String)
    81:92:public static java.lang.String passwordDigest(java.lang.String,java.lang.String)
    105:110:private static byte[] hashRIPEMD256(java.lang.String)
    157:157:public static byte[] decryptDESedeWithPassword(java.lang.String,java.lang.String)
    161:164:public static byte[] decryptDESedeWithPassword(byte[],java.lang.String)
    168:168:public static byte[] encryptDESedeWithPassword(java.lang.String,java.lang.String)
    172:175:public static byte[] encryptDESedeWithPassword(byte[],java.lang.String)
    179:181:public static java.lang.String encryptCacheVO(java.lang.String)
    184:186:public static java.lang.String decryptCacheVO(java.lang.String)
    191:194:public static java.lang.String encryptStagingAccPinUsingDESede(java.lang.String)
    198:202:public static java.lang.String decryptStagingAccPinUsingDESede(java.lang.String)
com.myproject.notes.utils.DateUtils:
    private static final java.lang.String TAG
    10:10:public DateUtils()
com.myproject.notes.utils.StringUtils:
    private static final java.lang.String TAG
    13:13:public StringUtils()
    18:26:public static java.lang.String urlEncode(java.lang.String)
    30:36:public static java.lang.String generateAlphaNumeric(int)
...
org.bouncycastle.math.ec.ECAlgorithms
org.bouncycastle.math.ec.ECCurve:
    public abstract int getFieldSize()
    public abstract org.bouncycastle.math.ec.ECFieldElement fromBigInteger(java.math.BigInteger)
    public abstract org.bouncycastle.math.ec.ECPoint decodePoint(byte[])
    public abstract org.bouncycastle.math.ec.ECPoint getInfinity()
    public org.bouncycastle.math.ec.ECFieldElement getB()
org.bouncycastle.math.ec.ECCurve$F2m:
    public ECCurve$F2m(int,int,java.math.BigInteger,java.math.BigInteger)
    public ECCurve$F2m(int,int,java.math.BigInteger,java.math.BigInteger,java.math.BigInteger,java.math.BigInteger)
    public int getFieldSize()
    public org.bouncycastle.math.ec.ECPoint decodePoint(byte[])
    public org.bouncycastle.math.ec.ECPoint getInfinity()
    public boolean isKoblitz()
    synchronized byte getMu()
    synchronized java.math.BigInteger[] getSi()
    private org.bouncycastle.math.ec.ECPoint decompressPoint(byte[],int)
    private org.bouncycastle.math.ec.ECFieldElement solveQuadradicEquation(org.bouncycastle.math.ec.ECFieldElement)
    public int getM()
    public boolean isTrinomial()
    public int getK1()
    public int getK2()
    public int getK3()
    public java.math.BigInteger getN()
    public java.math.BigInteger getH()
org.bouncycastle.math.ec.ECCurve$Fp:
    public java.math.BigInteger getQ()
    public int getFieldSize()
    public org.bouncycastle.math.ec.ECPoint decodePoint(byte[])
    public org.bouncycastle.math.ec.ECPoint getInfinity()
org.bouncycastle.math.ec.ECFieldElement:
    public abstract java.lang.String getFieldName()
    public abstract int getFieldSize()
    public abstract org.bouncycastle.math.ec.ECFieldElement add(org.bouncycastle.math.ec.ECFieldElement)
    public abstract org.bouncycastle.math.ec.ECFieldElement subtract(org.bouncycastle.math.ec.ECFieldElement)
    public abstract org.bouncycastle.math.ec.ECFieldElement multiply(org.bouncycastle.math.ec.ECFieldElement)
    public abstract org.bouncycastle.math.ec.ECFieldElement divide(org.bouncycastle.math.ec.ECFieldElement)
    public abstract org.bouncycastle.math.ec.ECFieldElement negate()
    public abstract org.bouncycastle.math.ec.ECFieldElement square()
    public abstract org.bouncycastle.math.ec.ECFieldElement invert()
    public abstract org.bouncycastle.math.ec.ECFieldElement sqrt()
org.bouncycastle.math.ec.ECFieldElement$F2m:
    public static final int GNB
    public static final int TPB
    public static final int PPB
    public ECFieldElement$F2m(int,int,java.math.BigInteger)
    private ECFieldElement$F2m(int,int,int,int,org.bouncycastle.math.ec.IntArray)
    public java.lang.String getFieldName()
    public int getFieldSize()
    public org.bouncycastle.math.ec.ECFieldElement add(org.bouncycastle.math.ec.ECFieldElement)
    public org.bouncycastle.math.ec.ECFieldElement subtract(org.bouncycastle.math.ec.ECFieldElement)
    public org.bouncycastle.math.ec.ECFieldElement multiply(org.bouncycastle.math.ec.ECFieldElement)
    public org.bouncycastle.math.ec.ECFieldElement divide(org.bouncycastle.math.ec.ECFieldElement)
    public org.bouncycastle.math.ec.ECFieldElement negate()
    public org.bouncycastle.math.ec.ECFieldElement square()
    public org.bouncycastle.math.ec.ECFieldElement invert()
    public org.bouncycastle.math.ec.ECFieldElement sqrt()
    public int getRepresentation()
    public int getM()
    public int getK1()
    public int getK2()
    public int getK3()